lock: {
    "Created": "2024-02-15T11:50:46.035256757Z",
    "ID": "b05a0a6a-c4cd-220f-1ff8-d70bb91ce81b",
    "Info": "",
    "Operation": "OperationTypeApply",
    "Path": "",
    "Version": "1.3.5",
    "Who": "joes@joes"
}
unlock: {
    "Created": "2024-02-15T11:50:46.035256757Z",
    "ID": "b05a0a6a-c4cd-220f-1ff8-d70bb91ce81b",
    "Info": "",
    "Operation": "OperationTypeApply",
    "Path": "",
    "Version": "1.3.5",
    "Who": "joes@joes"
}
lock: {
    "Created": "2024-02-15T11:51:29.935565508Z",
    "ID": "dc22f6bd-febf-e48f-8b80-b2be5e988669",
    "Info": "",
    "Operation": "OperationTypeApply",
    "Path": "",
    "Version": "1.3.5",
    "Who": "joes@joes"
}
unlock: {
    "Created": "2024-02-15T11:51:29.935565508Z",
    "ID": "dc22f6bd-febf-e48f-8b80-b2be5e988669",
    "Info": "",
    "Operation": "OperationTypeApply",
    "Path": "",
    "Version": "1.3.5",
    "Who": "joes@joes"
}
